\BOOKMARK [1][-]{section.1}{\376\377\000N\000o\000r\000m\000a\000l\000i\000z\000a\000t\000i\000o\000n\000\040\000C\000o\000n\000v\000e\000n\000t\000i\000o\000n}{}% 1
\BOOKMARK [2][-]{subsection.1.1}{\376\377\000R\000e\000f\000e\000r\000e\000n\000c\000e\000\040\000Q\000u\000a\000n\000t\000i\000t\000i\000e\000s}{section.1}% 2
\BOOKMARK [2][-]{subsection.1.2}{\376\377\000D\000i\000m\000e\000n\000s\000i\000o\000n\000l\000e\000s\000s\000\040\000V\000a\000r\000i\000a\000b\000l\000e\000s}{section.1}% 3
\BOOKMARK [2][-]{subsection.1.3}{\376\377\000N\000o\000r\000m\000a\000l\000i\000z\000e\000d\000\040\000C\000h\000a\000r\000g\000e\000s\000\040\000a\000n\000d\000\040\000M\000a\000s\000s\000e\000s}{section.1}% 4
\BOOKMARK [2][-]{subsection.1.4}{\376\377\000N\000o\000r\000m\000a\000l\000i\000z\000e\000d\000\040\000F\000i\000e\000l\000d\000s}{section.1}% 5
\BOOKMARK [1][-]{section.2}{\376\377\000T\000h\000e\000\040\000V\000l\000a\000s\000o\000v\000\040\000E\000q\000u\000a\000t\000i\000o\000n\000\040\000a\000n\000d\000\040\000e\000d\000f\000d\000v\000\040\000P\000u\000s\000h}{}% 6
\BOOKMARK [2][-]{subsection.2.1}{\376\377\000S\000I\000\040\000V\000l\000a\000s\000o\000v\000\040\000E\000q\000u\000a\000t\000i\000o\000n}{section.2}% 7
\BOOKMARK [2][-]{subsection.2.2}{\376\377\000N\000o\000r\000m\000a\000l\000i\000z\000e\000d\000\040\000F\000o\000r\000m}{section.2}% 8
\BOOKMARK [2][-]{subsection.2.3}{\376\377\000V\000e\000r\000i\000f\000i\000c\000a\000t\000i\000o\000n\000\040\000A\000g\000a\000i\000n\000s\000t\000\040\000C\000o\000d\000e\000\040\000\050\000V\000e\000l\000o\000c\000i\000t\000y\000E\000x\000p\000o\000n\000e\000n\000t\000i\000a\000l\000\051}{section.2}% 9
\BOOKMARK [1][-]{section.3}{\376\377\000P\000o\000i\000s\000s\000o\000n\000\040\000S\000o\000l\000v\000e\000r}{}% 10
\BOOKMARK [2][-]{subsection.3.1}{\376\377\000S\000I\000\040\000P\000o\000i\000s\000s\000o\000n\000\040\000E\000q\000u\000a\000t\000i\000o\000n}{section.3}% 11
\BOOKMARK [2][-]{subsection.3.2}{\376\377\000N\000o\000r\000m\000a\000l\000i\000z\000a\000t\000i\000o\000n}{section.3}% 12
\BOOKMARK [2][-]{subsection.3.3}{\376\377\000V\000e\000r\000i\000f\000i\000c\000a\000t\000i\000o\000n\000\040\000A\000g\000a\000i\000n\000s\000t\000\040\000C\000o\000d\000e\000\040\000\050\000S\000p\000e\000c\000t\000r\000a\000l\000P\000o\000i\000s\000s\000o\000n\000S\000o\000l\000v\000e\000r\000\051}{section.3}% 13
\BOOKMARK [1][-]{section.4}{\376\377\000A\000m\000p\000e\000r\000e\000\040\000S\000o\000l\000v\000e\000r}{}% 14
\BOOKMARK [2][-]{subsection.4.1}{\376\377\000S\000I\000\040\000A\000m\000p\000e\000r\000e\000'\000s\000\040\000L\000a\000w\000\040\000\050\0001\000D\000\040\000E\000l\000e\000c\000t\000r\000o\000s\000t\000a\000t\000i\000c\000\051}{section.4}% 15
\BOOKMARK [2][-]{subsection.4.2}{\376\377\000N\000o\000r\000m\000a\000l\000i\000z\000a\000t\000i\000o\000n}{section.4}% 16
\BOOKMARK [2][-]{subsection.4.3}{\376\377\000V\000e\000r\000i\000f\000i\000c\000a\000t\000i\000o\000n\000\040\000A\000g\000a\000i\000n\000s\000t\000\040\000C\000o\000d\000e\000\040\000\050\000A\000m\000p\000e\000r\000e\000S\000o\000l\000v\000e\000r\000\051}{section.4}% 17
\BOOKMARK [2][-]{subsection.4.4}{\376\377\000H\000a\000m\000i\000l\000t\000o\000n\000i\000a\000n\000\040\000A\000m\000p\000e\000r\000e\000\040\000S\000o\000l\000v\000e\000r\000\040\000\050\000H\000a\000m\000p\000e\000r\000e\000S\000o\000l\000v\000e\000r\000\051}{section.4}% 18
\BOOKMARK [1][-]{section.5}{\376\377\000W\000a\000v\000e\000\040\000E\000q\000u\000a\000t\000i\000o\000n\000\040\000f\000o\000r\000\040\000t\000h\000e\000\040\000T\000r\000a\000n\000s\000v\000e\000r\000s\000e\000\040\000V\000e\000c\000t\000o\000r\000\040\000P\000o\000t\000e\000n\000t\000i\000a\000l}{}% 19
\BOOKMARK [2][-]{subsection.5.1}{\376\377\000S\000I\000\040\000W\000a\000v\000e\000\040\000E\000q\000u\000a\000t\000i\000o\000n}{section.5}% 20
\BOOKMARK [2][-]{subsection.5.2}{\376\377\000N\000o\000r\000m\000a\000l\000i\000z\000a\000t\000i\000o\000n}{section.5}% 21
\BOOKMARK [2][-]{subsection.5.3}{\376\377\000N\000o\000r\000m\000a\000l\000i\000z\000e\000d\000\040\000W\000a\000v\000e\000\040\000E\000q\000u\000a\000t\000i\000o\000n}{section.5}% 22
\BOOKMARK [2][-]{subsection.5.4}{\376\377\000V\000e\000r\000i\000f\000i\000c\000a\000t\000i\000o\000n\000\040\000A\000g\000a\000i\000n\000s\000t\000\040\000C\000o\000d\000e\000\040\000\050\000W\000a\000v\000e\000S\000o\000l\000v\000e\000r\000\051}{section.5}% 23
\BOOKMARK [3][-]{subsubsection.5.4.1}{\376\377\000T\000h\000e\000\040\000e\000l\000e\000c\000t\000r\000o\000n\000\040\000d\000e\000n\000s\000i\000t\000y\000\040\000t\000e\000r\000m}{subsection.5.4}% 24
\BOOKMARK [3][-]{subsubsection.5.4.2}{\376\377\000T\000h\000e\000\040\000s\000o\000u\000r\000c\000e\000\040\000t\000e\000r\000m\000\040\000d\000j\000y\000\137\000a\000r\000r\000a\000y}{subsection.5.4}% 25
\BOOKMARK [1][-]{section.6}{\376\377\000P\000o\000n\000d\000e\000r\000o\000m\000o\000t\000i\000v\000e\000\040\000F\000o\000r\000c\000e}{}% 26
\BOOKMARK [2][-]{subsection.6.1}{\376\377\000S\000I\000\040\000D\000e\000r\000i\000v\000a\000t\000i\000o\000n\000\040\000f\000o\000r\000\040\000G\000e\000n\000e\000r\000a\000l\000\040\000S\000p\000e\000c\000i\000e\000s}{section.6}% 27
\BOOKMARK [2][-]{subsection.6.2}{\376\377\000N\000o\000r\000m\000a\000l\000i\000z\000a\000t\000i\000o\000n}{section.6}% 28
\BOOKMARK [2][-]{subsection.6.3}{\376\377\000E\000x\000p\000r\000e\000s\000s\000i\000n\000g\000\040\000a\000s\000\040\000a\000n\000\040\000E\000f\000f\000e\000c\000t\000i\000v\000e\000\040\000E\000l\000e\000c\000t\000r\000i\000c\000\040\000F\000i\000e\000l\000d}{section.6}% 29
\BOOKMARK [2][-]{subsection.6.4}{\376\377\000V\000e\000r\000i\000f\000i\000c\000a\000t\000i\000o\000n\000\040\000A\000g\000a\000i\000n\000s\000t\000\040\000C\000o\000d\000e}{section.6}% 30
\BOOKMARK [1][-]{section.7}{\376\377\000T\000h\000e\000\040\000e\000x\000\137\000d\000r\000i\000v\000e\000r\000\040\040\024\000\040\000L\000o\000n\000g\000i\000t\000u\000d\000i\000n\000a\000l\000\040\000E\000l\000e\000c\000t\000r\000i\000c\000\040\000F\000i\000e\000l\000d\000\040\000S\000o\000u\000r\000c\000e}{}% 31
\BOOKMARK [2][-]{subsection.7.1}{\376\377\000P\000h\000y\000s\000i\000c\000a\000l\000\040\000S\000e\000t\000u\000p}{section.7}% 32
\BOOKMARK [2][-]{subsection.7.2}{\376\377\000D\000e\000r\000i\000v\000a\000t\000i\000o\000n}{section.7}% 33
\BOOKMARK [2][-]{subsection.7.3}{\376\377\000C\000o\000m\000p\000a\000r\000i\000s\000o\000n\000\040\000w\000i\000t\000h\000\040\000C\000u\000r\000r\000e\000n\000t\000\040\000C\000o\000d\000e}{section.7}% 34
\BOOKMARK [1][-]{section.8}{\376\377\000T\000h\000e\000\040\000e\000y\000\137\000d\000r\000i\000v\000e\000r\000\040\040\024\000\040\000T\000r\000a\000n\000s\000v\000e\000r\000s\000e\000\040\000C\000u\000r\000r\000e\000n\000t\000\040\000S\000o\000u\000r\000c\000e\000\040\000f\000o\000r\000\040\000t\000h\000e\000\040\000W\000a\000v\000e\000\040\000E\000q\000u\000a\000t\000i\000o\000n}{}% 35
\BOOKMARK [2][-]{subsection.8.1}{\376\377\000P\000h\000y\000s\000i\000c\000a\000l\000\040\000S\000e\000t\000u\000p}{section.8}% 36
\BOOKMARK [2][-]{subsection.8.2}{\376\377\000D\000e\000r\000i\000v\000a\000t\000i\000o\000n\000:\000\040\000R\000e\000q\000u\000i\000r\000e\000d\000\040\000E\000x\000t\000e\000r\000n\000a\000l\000\040\000C\000u\000r\000r\000e\000n\000t}{section.8}% 37
\BOOKMARK [2][-]{subsection.8.3}{\376\377\000I\000n\000t\000e\000r\000p\000r\000e\000t\000a\000t\000i\000o\000n}{section.8}% 38
\BOOKMARK [2][-]{subsection.8.4}{\376\377\000C\000o\000m\000p\000a\000r\000i\000s\000o\000n\000\040\000w\000i\000t\000h\000\040\000C\000u\000r\000r\000e\000n\000t\000\040\000C\000o\000d\000e}{section.8}% 39
\BOOKMARK [1][-]{section.9}{\376\377\000S\000u\000m\000m\000a\000r\000y}{}% 40
\BOOKMARK [2][-]{subsection.9.1}{\376\377\000C\000o\000m\000p\000o\000n\000e\000n\000t\000s\000\040\000V\000e\000r\000i\000f\000i\000e\000d\000\040\000C\000o\000r\000r\000e\000c\000t}{section.9}% 41
\BOOKMARK [2][-]{subsection.9.2}{\376\377\000B\000u\000g\000s\000\040\000F\000o\000u\000n\000d}{section.9}% 42
\BOOKMARK [2][-]{subsection.9.3}{\376\377\000R\000e\000c\000o\000m\000m\000e\000n\000d\000e\000d\000\040\000F\000i\000x\000e\000s}{section.9}% 43
\BOOKMARK [3][-]{subsubsection.9.3.1}{\376\377\000P\000o\000n\000d\000e\000r\000o\000m\000o\000t\000i\000v\000e\000\040\000f\000o\000r\000c\000e\000\040\000\050\000m\000u\000l\000t\000i\000-\000s\000p\000e\000c\000i\000e\000s\000\040\000c\000o\000r\000r\000e\000c\000t\000\051}{subsection.9.3}% 44
\BOOKMARK [3][-]{subsubsection.9.3.2}{\376\377\000D\000r\000i\000v\000e\000r\000\040\000c\000l\000a\000s\000s\000e\000s}{subsection.9.3}% 45
